[browser] Another connection wants to delete database 'inkforge-project-E4hdOMrXjaCxCN8gQDGUg'. Closing db now to resume the delete request.
[browser] Another connection wants to delete database 'inkforge-project-WSaxpvW3X-wHSh4-fy2HV'. Closing db now to resume the delete request.
[browser] Another connection wants to delete database 'inkforge-project-kpPgxj8ilKcUwjzZyG4ve'. Closing db now to resume the delete request.
[browser] Another connection wants to delete database 'inkforge-project-Coj0YIvKK3ksSi8JZTeCO'. Closing db now to resume the delete request.
[browser] Another connection wants to delete database 'inkforge-project-wBatpwPGMgwm92ctnuEzW'. Closing db now to resume the delete request.
[browser] Another connection wants to delete database 'inkforge-project-jcVf-zgFXaK2obfAPkm_W'. Closing db now to resume the delete request.
[browser] Another connection wants to delete database 'inkforge-project-X3v_6r8htLLrO7UKTAnt8'. Closing db now to resume the delete request.
[browser] Another connection wants to delete database 'inkforge-project-6AcxKO_EnlEKeqyvMqWhN'. Closing db now to resume the delete request.
[browser] Another connection wants to delete database 'inkforge-project--CfSQ3GNAjN1gW1QFJ9ES'. Closing db now to resume the delete request. (src/lib/hooks/use-project-meta.ts:17:43)
[browser] Another connection wants to delete database 'inkforge-project-8XCt4CKGaYrPSRqZyDCrv'. Closing db now to resume the delete request. (src/lib/hooks/use-project-meta.ts:17:43)
[browser] Another connection wants to delete database 'inkforge-project-7QqXOQ9hrDOfLxmlFfpPM'. Closing db now to resume the delete request. (src/lib/hooks/use-project-meta.ts:17:43)
[browser] Auto-save failed: Error: Error modifying one or more objects. Errors: AbortError: A request was aborted, for example through a call to IDBTransaction.abort. (src/lib/hooks/use-autosave.ts:57:7)
[browser] Another connection wants to delete database 'inkforge-project-J7_fbtFZ13Xz-Cd1imvNX'. Closing db now to resume the delete request. (src/lib/hooks/use-project-meta.ts:17:43)
[browser] Another connection wants to delete database 'inkforge-project-frrTjzsM2RcLxzZ4qL46j'. Closing db now to resume the delete request. (src/lib/hooks/use-project-meta.ts:17:43)
[browser] Another connection wants to delete database 'inkforge-project-PLyrHmi5GNAp8QMyHMIpK'. Closing db now to resume the delete request.
[browser] Another connection wants to delete database 'inkforge-project-VleTummzib7E0-ybaFlH3'. Closing db now to resume the delete request.
[browser] Another connection wants to delete database 'inkforge-project-yoJV3oMPaWNCAUezo1Co0'. Closing db now to resume the delete request.
[browser] Another connection wants to delete database 'inkforge-project-BWebK-VKguhUuTTa7_o38'. Closing db now to resume the delete request.
[browser] Another connection wants to delete database 'inkforge-project-P_eNO3ftE16-lgF9zt3nN'. Closing db now to resume the delete request.
[browser] Another connection wants to delete database 'inkforge-project-cuKiy7_VXHrFWI_7xhYGT'. Closing db now to resume the delete request.
[browser] Another connection wants to delete database 'inkforge-project-xZxk3yvnXQqzebq1FYps7'. Closing db now to resume the delete request.
[browser] Another connection wants to delete database 'inkforge-project-4c4-uIurmFhdPLVtz6FZW'. Closing db now to resume the delete request.
[browser] Another connection wants to delete database 'inkforge-project-9UhS5IrKqf4lL5QzHXXW-'. Closing db now to resume the delete request.
[browser] Another connection wants to delete database 'inkforge-project-7LOZ4dLFG-QXQcuHrLg9I'. Closing db now to resume the delete request. (src/lib/hooks/use-project-meta.ts:17:43)
[browser] Another connection wants to delete database 'inkforge-project-qZuiX3GcQJJFtvbTOYBSa'. Closing db now to resume the delete request. (src/lib/hooks/use-project-meta.ts:17:43)
[browser] Another connection wants to delete database 'inkforge-project-BqR_e18adkmPZI-HxcmKz'. Closing db now to resume the delete request. (src/lib/hooks/use-project-meta.ts:17:43)
[browser] Another connection wants to delete database 'inkforge-project-cNwQ3nX0p7EVmY-Rnvmlm'. Closing db now to resume the delete request. (src/lib/hooks/use-project-meta.ts:17:43)
[browser] Dexie: Need to reopen db (src/lib/db/chapter-queries.ts:164:21)
[browser] Another connection wants to delete database 'inkforge-project-fLcWFRa7SEkSF7UkG2BUH'. Closing db now to resume the delete request. (src/lib/hooks/use-project-meta.ts:17:43)
[browser] Another connection wants to delete database 'inkforge-project-nfEpkv_8iVagav-7ROlka'. Closing db now to resume the delete request.
[browser] Another connection wants to delete database 'inkforge-project-qGMtQUwVrUp49wX9mtZts'. Closing db now to resume the delete request.
[browser] Another connection wants to delete database 'inkforge-project-5oMnD9QTlGI2d9wa59ANU'. Closing db now to resume the delete request.
[browser] Another connection wants to delete database 'inkforge-project-6cZbDU3ry4Okgsay-2VuS'. Closing db now to resume the delete request. (src/lib/hooks/use-project-meta.ts:17:43)
[browser] Another connection wants to delete database 'inkforge-project-FOAT1r1aTQtaoBqe98m3x'. Closing db now to resume the delete request. (src/lib/hooks/use-project-meta.ts:17:43)
[browser] Another connection wants to delete database 'inkforge-project-PkMqDvod88gGyjWIOGT0w'. Closing db now to resume the delete request. (src/lib/hooks/use-project-meta.ts:17:43)
[browser] Another connection wants to delete database 'inkforge-project-tJFxooI4Yo01I9_8d3v2J'. Closing db now to resume the delete request. (src/lib/hooks/use-project-meta.ts:17:43)
[browser] Another connection wants to delete database 'inkforge-project-H1Qas2-pdI4s1Mz1w2M5M'. Closing db now to resume the delete request. (src/lib/hooks/use-project-meta.ts:17:43)
